<?xml version="1.0" encoding="UTF-8" standalone="no"?><testsuite errors="0" failures="0" name="login" skipped="0" tests="7" time="36.83" timestamp="2023-05-08 01:31:33"><testcase name="As user i have be able to success login"/><testcase name="As user i haven't be able to login when using invalid email"/><testcase name="As user i haven't be able to login when using invalid password"/><testcase name="As user i haven't be able to login when using invalid email and invalid password"/><testcase name="As user i haven't be able to login when using empty email"/><testcase name="As user i haven't be able to login when using empty password"/><testcase name="As user i haven't be able to login when using empty email and empty password"/></testsuite>